<?xml version="1.0" encoding="UTF-8"?>
<coverage generated="1622399162359" clover="3.2.0">
  <project timestamp="1622399162359" name="All files">
    <metrics statements="18" coveredstatements="8" conditionals="2" coveredconditionals="0" methods="5" coveredmethods="1" elements="25" coveredelements="9" complexity="0" loc="18" ncloc="18" packages="2" files="4" classes="4"/>
    <package name="components">
      <metrics statements="5" coveredstatements="0" conditionals="0" coveredconditionals="0" methods="3" coveredmethods="0"/>
      <file name="ShoppingCart.vue" path="C:\Users\Siba\Desktop\Wine\frontend\src\components\ShoppingCart.vue">
        <metrics statements="5" coveredstatements="0" conditionals="0" coveredconditionals="0" methods="3" coveredmethods="0"/>
        <line num="19" count="0" type="stmt"/>
        <line num="22" count="0" type="stmt"/>
        <line num="23" count="0" type="stmt"/>
        <line num="24" count="0" type="stmt"/>
        <line num="26" count="0" type="stmt"/>
      </file>
    </package>
    <package name="views">
      <metrics statements="13" coveredstatements="8" conditionals="2" coveredconditionals="0" methods="2" coveredmethods="1"/>
      <file name="About.vue" path="C:\Users\Siba\Desktop\Wine\frontend\src\views\About.vue">
        <metrics statements="2" coveredstatements="2" conditionals="0" coveredconditionals="0" methods="0" coveredmethods="0"/>
        <line num="52" count="1" type="stmt"/>
        <line num="53" count="1" type="stmt"/>
      </file>
      <file name="Home.vue" path="C:\Users\Siba\Desktop\Wine\frontend\src\views\Home.vue">
        <metrics statements="2" coveredstatements="2" conditionals="0" coveredconditionals="0" methods="0" coveredmethods="0"/>
        <line num="40" count="1" type="stmt"/>
        <line num="41" count="1" type="stmt"/>
      </file>
      <file name="LogIn.vue" path="C:\Users\Siba\Desktop\Wine\frontend\src\views\LogIn.vue">
        <metrics statements="9" coveredstatements="4" conditionals="2" coveredconditionals="0" methods="2" coveredmethods="1"/>
        <line num="25" count="1" type="stmt"/>
        <line num="26" count="1" type="stmt"/>
        <line num="27" count="1" type="stmt"/>
        <line num="31" count="1" type="stmt"/>
        <line num="47" count="0" type="stmt"/>
        <line num="51" count="0" type="cond" truecount="0" falsecount="2"/>
        <line num="52" count="0" type="stmt"/>
        <line num="55" count="0" type="stmt"/>
        <line num="56" count="0" type="stmt"/>
      </file>
    </package>
  </project>
</coverage>
