TN:
SF:C:\Users\Siba\Desktop\Wine\frontend\src\components\ShoppingCart.vue
FN:18,(anonymous_1)
FN:21,(anonymous_2)
FN:23,(anonymous_3)
FNF:3
FNH:0
FNDA:0,(anonymous_1)
FNDA:0,(anonymous_2)
FNDA:0,(anonymous_3)
DA:19,0
DA:22,0
DA:23,0
DA:24,0
DA:26,0
LF:5
LH:0
BRF:0
BRH:0
end_of_record
TN:
SF:C:\Users\Siba\Desktop\Wine\frontend\src\views\About.vue
FNF:0
FNH:0
DA:52,1
DA:53,1
LF:2
LH:2
BRF:0
BRH:0
end_of_record
TN:
SF:C:\Users\Siba\Desktop\Wine\frontend\src\views\Home.vue
FNF:0
FNH:0
DA:40,1
DA:41,1
LF:2
LH:2
BRF:0
BRH:0
end_of_record
TN:
SF:C:\Users\Siba\Desktop\Wine\frontend\src\views\LogIn.vue
FN:30,(anonymous_1)
FN:46,(anonymous_2)
FNF:2
FNH:1
FNDA:1,(anonymous_1)
FNDA:0,(anonymous_2)
DA:25,1
DA:26,1
DA:27,1
DA:31,1
DA:47,0
DA:51,0
DA:52,0
DA:55,0
DA:56,0
LF:9
LH:4
BRDA:51,0,0,0
BRDA:51,0,1,0
BRF:2
BRH:0
end_of_record
